START-OF-LOG: 3.0
LOCATION: DX
CALLSIGN: OE8TIR
CLUB:  NTC
CONTEST: NTC-QP
CATEGORY: ELECTRONIC KEYER
CATEGORY-OPERATOR: SINGLE-OP
CATEGORY-ASSISTED: ASSISTED
CATEGORY-BAND: ALL
CATEGORY-MODE: CW
CATEGORY-POWER: LOW
CATEGORY-STATION: FIXED
CATEGORY-TRANSMITTER: ONE
CLAIMED-SCORE: 70
OPERATORS: OE8TIR
SOAPBOX: it has been a fun again with a lot of stations - especially many 
SOAPBOX: NM on 40. 4 Qs were a record on 20m ;-) 
Nice to meet you all 
SOAPBOX: again - stay safe an CWFE de Stefan OE8TIR from Carinthia
NAME: Stefan
ADDRESS: 
ADDRESS-CITY: KOETSCHACH
ADDRESS-STATE-PROVINCE: 
ADDRESS-POSTALCODE: 9640
ADDRESS-COUNTRY: AUSTRIA
GRID-LOCATOR: JN66LQ
EMAIL: oe8tir@reyers.de
CREATED-BY: N1MM Logger+ 1.0.10224.0
QSO: 14025 CW 2024-03-21 1901 OE8TIR        579  STEFAN 105       PA7F          599  FRANK      181      
QSO: 14025 CW 2024-03-21 1903 OE8TIR        339  STEFAN 105       IN3FHE        559  HELGA      88       
QSO: 14025 CW 2024-03-21 1907 OE8TIR        599  STEFAN 105       PA0XAW        599  AGE        119      
QSO: 14025 CW 2024-03-21 1910 OE8TIR        589  STEFAN 105       M0SDB         559  DANNY      254      
QSO:  7015 CW 2024-03-21 1913 OE8TIR        599  STEFAN 105       DL5XL         599  FELIX      80       
QSO:  7015 CW 2024-03-21 1914 OE8TIR        599  STEFAN 105       OK1LO         599  LAD        215      
QSO:  7015 CW 2024-03-21 1915 OE8TIR        599  STEFAN 105       IN3FHE        599  HELGA      88       
QSO:  7015 CW 2024-03-21 1917 OE8TIR        599  STEFAN 105       OK2BND        599  JAN        NM       
QSO:  7015 CW 2024-03-21 1918 OE8TIR        599  STEFAN 105       S51Z          599  ZOKI       226      
QSO:  7015 CW 2024-03-21 1919 OE8TIR        599  STEFAN 105       SP7OGP        599  PIOTR      111      
QSO:  7015 CW 2024-03-21 1920 OE8TIR        599  STEFAN 105       DJ3TU         599  NORBERT    146      
QSO:  7015 CW 2024-03-21 1921 OE8TIR        599  STEFAN 105       G0TRT         599  CIE        NM       
QSO:  7015 CW 2024-03-21 1922 OE8TIR        599  STEFAN 105       OK5MM         599  VIT        NM       
QSO:  7015 CW 2024-03-21 1922 OE8TIR        579  STEFAN 105       PA0RBA        579  RIENUS     96       
QSO:  7015 CW 2024-03-21 1923 OE8TIR        579  STEFAN 105       IK1YRA        559  CARL       135      
QSO:  7015 CW 2024-03-21 1924 OE8TIR        599  STEFAN 105       OK1WSL        599  JOSEF      NM       
QSO:  7015 CW 2024-03-21 1925 OE8TIR        439  STEFAN 105       IU3BRO        599  TILO       NM       
QSO:  7015 CW 2024-03-21 1926 OE8TIR        599  STEFAN 105       ON7DQ         599  LUC        98       
QSO:  7015 CW 2024-03-21 1929 OE8TIR        599  STEFAN 105       PA0CMU        599  CAREL      76       
QSO:  7015 CW 2024-03-21 1931 OE8TIR        579  STEFAN 105       PA3EEG        579  RUUD       5        
QSO:  7015 CW 2024-03-21 1934 OE8TIR        599  STEFAN 105       OK2BMA        599  PAVEL      62       
QSO:  7015 CW 2024-03-21 1934 OE8TIR        599  STEFAN 105       I5ECW         599  VANNI      164      
QSO:  7015 CW 2024-03-21 1936 OE8TIR        579  STEFAN 105       M0MPM         599  MICHAEL    227      
QSO:  7015 CW 2024-03-21 1936 OE8TIR        599  STEFAN 105       OK2NO         599  JARDA      NM       
QSO:  7015 CW 2024-03-21 1938 OE8TIR        559  STEFAN 105       GW4OKT        599  KEITH      106      
QSO:  7015 CW 2024-03-21 1939 OE8TIR        599  STEFAN 105       OK2BTK        599  PETR       NM       
QSO:  7015 CW 2024-03-21 1941 OE8TIR        449  STEFAN 105       M7TSM         599  ALAN       NM       
QSO:  7015 CW 2024-03-21 1942 OE8TIR        599  STEFAN 105       PA3HEB        599  MARCEL     159      
QSO:  7015 CW 2024-03-21 1943 OE8TIR        599  STEFAN 105       PA0M          599  THIEU      110      
QSO:  7015 CW 2024-03-21 1943 OE8TIR        599  STEFAN 105       OM6MS         599  MIKI       NM       
QSO:  3504 CW 2024-03-21 1944 OE8TIR        599  STEFAN 105       DL5XL         599  FELIX      80       
QSO:  3504 CW 2024-03-21 1946 OE8TIR        599  STEFAN 105       OK1LO         599  LAD        215      
QSO:  3504 CW 2024-03-21 1947 OE8TIR        599  STEFAN 105       ON6NL         599  ANTON      154      
QSO:  3504 CW 2024-03-21 1949 OE8TIR        599  STEFAN 105       OK5MM         599  VIT        NM       
QSO:  3504 CW 2024-03-21 1950 OE8TIR        599  STEFAN 105       F6JOE         599  JEAN       44       
QSO:  3504 CW 2024-03-21 1952 OE8TIR        599  STEFAN 105       I5ECW         599  VANNI      164      
QSO:  3504 CW 2024-03-21 1953 OE8TIR        599  STEFAN 105       DG5CW         599  TOM        247      
QSO:  3504 CW 2024-03-21 1953 OE8TIR        599  STEFAN 105       SP7OGP        599  PIOTR      111      
QSO:  3504 CW 2024-03-21 1956 OE8TIR        599  STEFAN 105       IN3FHE        599  HELGA      88       
QSO:  3504 CW 2024-03-21 2000 OE8TIR        599  STEFAN 105       OK1DZ         599  ZDENEK     217      
END-OF-LOG:
