START-OF-LOG: 3.0
LOCATION: DX
CALLSIGN: ON7DQ
CLUB: ntc
CONTEST: NTC-QP
CATEGORY-OPERATOR: SINGLE-OP
CATEGORY-ASSISTED: ASSISTED
CATEGORY-BAND: ALL
CATEGORY-MODE: CW
CATEGORY-POWER: LOW
CATEGORY-STATION: FIXED
CATEGORY-TRANSMITTER: ONE
CLAIMED-SCORE: 41
OPERATORS: ON7DQ
NAME: Luc
ADDRESS: Sint-Jansstraat 25
ADDRESS-CITY: Oostende
ADDRESS-STATE-PROVINCE: 
ADDRESS-POSTALCODE: B-8400
ADDRESS-COUNTRY: BELGIUM
GRID-LOCATOR: JO11KF
EMAIL: on7dq@hotmail.com
CREATED-BY: N1MM Logger+ 1.0.10039.0
QSO: 14051 CW 2024-03-21 1902 ON7DQ         599  LUC 098     I5ECW         599  VANNI      164      
QSO:  7035 CW 2024-03-21 1906 ON7DQ         599  LUC 098     PA3EEG        599  RUUD       5        
QSO:  7035 CW 2024-03-21 1910 ON7DQ         599  LUC 098     PA0CMU        599  CAREL      76       
QSO:  7033 CW 2024-03-21 1914 ON7DQ         599  LUC 098     ON6NL         599  ANTON      154      
QSO:  7033 CW 2024-03-21 1916 ON7DQ         599  LUC 098     PA7F          599  FRANK      181      
QSO:  7032 CW 2024-03-21 1917 ON7DQ         599  LUC 098     DL5XL         599  FELIX      80       
QSO:  7030 CW 2024-03-21 1920 ON7DQ         599  LUC 098     OK1LO         599  LAD        215      
QSO:  7037 CW 2024-03-21 1924 ON7DQ         599  LUC 098     GW4OKT        599  KEITH      106      
QSO:  7034 CW 2024-03-21 1926 ON7DQ         599  LUC 098     OE8TIR        599  STEFAN     105      
QSO:  7037 CW 2024-03-21 1931 ON7DQ         599  LUC 098     F6JOE         599  JEAN       44       
QSO:  3553 CW 2024-03-21 1934 ON7DQ         599  LUC 098     ON6NL         599  ANTON      154      
QSO:  3553 CW 2024-03-21 1936 ON7DQ         599  LUC 098     DG5CW         599  TOM        247      
QSO:  3553 CW 2024-03-21 1937 ON7DQ         599  LUC 098     PA0M          599  THEO       110      
QSO:  3553 CW 2024-03-21 1939 ON7DQ         559  LUC 098     F4GFT         559  ANDY       NM       
QSO:  3553 CW 2024-03-21 1941 ON7DQ         579  LUC 098     DJ9BM         599  VOLKER     84       
QSO:  3553 CW 2024-03-21 1943 ON7DQ         559  LUC 098     PA0XAW        599  AGE        119      
QSO:  3553 CW 2024-03-21 1944 ON7DQ         559  LUC 098     SP7OGP        599  PIOTR      111      
QSO:  3553 CW 2024-03-21 1948 ON7DQ         579  LUC 098     OK2BTK        599  PETR       NM       
QSO:  3553 CW 2024-03-21 1950 ON7DQ         599  LUC 098     PA3GPX        599  RENE       NM       
QSO:  3553 CW 2024-03-21 1953 ON7DQ         599  LUC 098     ON7NDR        599  NICO       NM       
QSO:  3553 CW 2024-03-21 1955 ON7DQ         599  LUC 098     G7D           599  GRAHAM     NM       
QSO:  3553 CW 2024-03-21 1957 ON7DQ         599  LUC 098     DL5XL         599  FELIX      80       
QSO:  3553 CW 2024-03-21 1959 ON7DQ         559  LUC 098     IN3FHE        599  HELGA      88       
END-OF-LOG:
