START-OF-LOG: 3.0
LOCATION: DX
CALLSIGN: G0TRT
CLUB:  
CONTEST: NTC-QP
CATEGORY-OPERATOR: SINGLE-OP
CATEGORY-ASSISTED: ASSISTED
CATEGORY-BAND: ALL
CATEGORY-MODE: CW
CATEGORY-POWER: LOW
CATEGORY-STATION: FIXED
CATEGORY-TRANSMITTER: ONE
CLAIMED-SCORE: 14
OPERATORS: G0TRT
NAME: Cie
ADDRESS: 8 The Orchard
ADDRESS-CITY: 
ADDRESS-STATE-PROVINCE: 
ADDRESS-POSTALCODE: BA12 0DS
ADDRESS-COUNTRY: UK
GRID-LOCATOR: IO81VF
EMAIL: ciemon@gmail.com
CREATED-BY: N1MM Logger+ 1.0.10224.0
QSO: 14051 CW 2024-03-21 1907 G0TRT         579  CIE NM           I5ECW         599  VANNI      164      
QSO:  7035 CW 2024-03-21 1915 G0TRT         599  CIE NM           PA0CMU        599  CAREL      76       
QSO:  7034 CW 2024-03-21 1921 G0TRT         599  CIE NM           OE8TIR        599  STEFAN     105      
QSO:  7033 CW 2024-03-21 1923 G0TRT         599  CIE NM           DJ0SP         599  HANNES     124      
QSO:  7032 CW 2024-03-21 1925 G0TRT         599  CIE NM           PA7F          599  FRANK      181      
QSO:  7037 CW 2024-03-21 1935 G0TRT         599  CIE NM           F6JOE         599  JEAN       44       
QSO:  7034 CW 2024-03-21 1942 G0TRT         599  CIE NM           IK1YRA        599  CARL       135      
END-OF-LOG:
