START-OF-LOG: 3.0
LOCATION: DX
CALLSIGN: IK1YRA
CLUB: GACW
CONTEST: NTC-QP
CATEGORY-OPERATOR: SINGLE-OP
CATEGORY-ASSISTED: ASSISTED
CATEGORY-BAND: ALL
CATEGORY-MODE: CW
CATEGORY-POWER: LOW
CATEGORY-STATION: FIXED
CATEGORY-TRANSMITTER: ONE
CLAIMED-SCORE: 47
OPERATORS: IK1YRA
NAME: CARL
ADDRESS: 
ADDRESS-CITY: TORINO
ADDRESS-STATE-PROVINCE: TO
ADDRESS-POSTALCODE: 10149
ADDRESS-COUNTRY: ITALY
GRID-LOCATOR: JN45AK
EMAIL: carlos.ik1yra@gmail.com
CREATED-BY: N1MM Logger+ 1.0.10180.0
QSO:  7033 CW 2024-03-21 1920 IK1YRA        599  CARL 135         ON6NL         599  ANTON      154      
QSO:  7036 CW 2024-03-21 1921 IK1YRA        599  CARL 135         DL5XL         599  FELIX      80       
QSO:  7034 CW 2024-03-21 1923 IK1YRA        599  CARL 135         OE8TIR        599  STEFAN     105      
QSO:  7031 CW 2024-03-21 1925 IK1YRA        599  CARL 135         IN3FHE        599  HELGA      88       
QSO:  7033 CW 2024-03-21 1928 IK1YRA        599  CARL 135         DJ0HP         599  HANS       124      
QSO:  7037 CW 2024-03-21 1929 IK1YRA        599  CARL 135         I5ECW         599  VANNI      164      
QSO:  7034 CW 2024-03-21 1932 IK1YRA        599  CARL 135         OK1WSL        599  JOSEF      NM       
QSO:  7034 CW 2024-03-21 1933 IK1YRA        599  CARL 135         M7TSM         599  ALAN       NM       
QSO:  7034 CW 2024-03-21 1934 IK1YRA        599  CARL 135         SP7OGP        599  PIOTR      111      
QSO:  7034 CW 2024-03-21 1935 IK1YRA        599  CARL 135         PE4KH         599  KOOS       165      
QSO:  7034 CW 2024-03-21 1936 IK1YRA        599  CARL 135         GW4OKY        599  KETH       106      
QSO:  7034 CW 2024-03-21 1937 IK1YRA        599  CARL 135         OM6MS         599  MIKI       NM       
QSO:  7034 CW 2024-03-21 1940 IK1YRA        599  CARL 135         M0MPM         599  MICHEAL    227      
QSO:  7034 CW 2024-03-21 1941 IK1YRA        599  CARL 135         PI4NTC        599  JO         200      
QSO:  7034 CW 2024-03-21 1942 IK1YRA        599  CARL 135         G0TRT         599  CIE        NM       
QSO:  7034 CW 2024-03-21 1946 IK1YRA        599  CARL 135         DJ9BM         599  VOLKER     84       
QSO:  7034 CW 2024-03-21 1946 IK1YRA        599  CARL 135         DG5CW         599  TOM        247      
QSO:  7034 CW 2024-03-21 1948 IK1YRA        599  CARL 135         PE2V          599  VINCENT    252      
QSO:  7034 CW 2024-03-21 1949 IK1YRA        599  CARL 135         PA0M          599  THIEU      110      
QSO:  7034 CW 2024-03-21 1950 IK1YRA        599  CARL 135         S51Z          599  ZORAN      226      
QSO:  3551 CW 2024-03-21 1953 IK1YRA        599  CARL 135         IN3FHE        599  HELGA      88       
QSO:  3555 CW 2024-03-21 1954 IK1YRA        599  CARL 135         F6JOE         599  JEAN       44       
QSO:  3556 CW 2024-03-21 1955 IK1YRA        599  CARL 135         PA0CMU        599  CAREL      76       
QSO:  3553 CW 2024-03-21 1956 IK1YRA        599  CARL 135         PA7F          599  FRANK      181      
QSO:  3551 CW 2024-03-21 1958 IK1YRA        599  CARL 135         DL5XL         599  FELIX      80       
END-OF-LOG:
