START-OF-LOG: 3.0
LOCATION: DX
CALLSIGN: IN3FHE
CLUB:  
CONTEST: NTC-QP
CATEGORY-OPERATOR: SINGLE-OP
CATEGORY-ASSISTED: ASSISTED
CATEGORY-BAND: ALL
CATEGORY-MODE: CW
CATEGORY-POWER: LOW
CATEGORY-STATION: FIXED
CATEGORY-TRANSMITTER: ONE
CLAIMED-SCORE: 71
OPERATORS: IN3FHE
NAME: Helga
ADDRESS: via Petrarca 15
ADDRESS-CITY: Merano
ADDRESS-STATE-PROVINCE: 
ADDRESS-POSTALCODE: 39012
ADDRESS-COUNTRY: ITALY
GRID-LOCATOR: JN56NP
EMAIL: in3fhe@gmail.com
CREATED-BY: N1MM Logger+ 1.0.10230.0
QSO: 14052 CW 2024-03-21 1903 IN3FHE        559  HELGA NTC 88     OE8TIR        339  STEFAN     105    
QSO: 14053 CW 2024-03-21 1907 IN3FHE        559  HELGA NTC 88     M0SDB         569  DANNY      254    
QSO:  7031 CW 2024-03-21 1915 IN3FHE        599  HELGA NTC 88     S51Z          599  ZOKI       226    
QSO:  7031 CW 2024-03-21 1915 IN3FHE        599  HELGA NTC 88     OE8TIR        599  STEFAN     105    
QSO:  7031 CW 2024-03-21 1916 IN3FHE        599  HELGA NTC 88     PI4NTC        599  JO         200    
QSO:  7031 CW 2024-03-21 1916 IN3FHE        599  HELGA NTC 88     OK5MM         599  VIT        NM     
QSO:  7031 CW 2024-03-21 1918 IN3FHE        599  HELGA NTC 88     I5ECW         599  VANNI      164    
QSO:  7031 CW 2024-03-21 1919 IN3FHE        599  HELGA NTC 88     F6JOE         599  JEAN       44     
QSO:  7031 CW 2024-03-21 1920 IN3FHE        599  HELGA NTC 88     SP7OGP        599  PIOTR      111    
QSO:  7031 CW 2024-03-21 1922 IN3FHE        559  HELGA NTC 88     DJ3GS         579  GERD       NM     
QSO:  7031 CW 2024-03-21 1923 IN3FHE        599  HELGA NTC 88     PA0SIM        599  JAN        59     
QSO:  7031 CW 2024-03-21 1924 IN3FHE        599  HELGA NTC 88     OK1LO         599  LAD        215    
QSO:  7031 CW 2024-03-21 1925 IN3FHE        599  HELGA NTC 88     IK1YRA        579  CARL       135    
QSO:  7031 CW 2024-03-21 1926 IN3FHE        599  HELGA NTC 88     OK2BND        599  JAN        NM     
QSO:  7031 CW 2024-03-21 1927 IN3FHE        599  HELGA NTC 88     DJ9BM         599  VOLKER     84     
QSO:  7031 CW 2024-03-21 1928 IN3FHE        599  HELGA NTC 88     PA3JD         599  JOOP       112    
QSO:  7031 CW 2024-03-21 1930 IN3FHE        599  HELGA NTC 88     PE4KH         599  KOOS       165    
QSO:  7031 CW 2024-03-21 1931 IN3FHE        599  HELGA NTC 88     OK1WSL        599  JOSEF      NM     
QSO:  7031 CW 2024-03-21 1934 IN3FHE        579  HELGA NTC 88     I7CCF         599  FELICE     NM     
QSO:  7031 CW 2024-03-21 1936 IN3FHE        599  HELGA NTC 88     OK2BTK        599  PETR       NM     
QSO:  7031 CW 2024-03-21 1938 IN3FHE        599  HELGA NTC 88     OK2NO         599  JARDA      NM     
QSO:  7031 CW 2024-03-21 1939 IN3FHE        599  HELGA NTC 88     PA0M          599  THIEU      110    
QSO:  7031 CW 2024-03-21 1940 IN3FHE        559  HELGA NTC 88     M0SDB         559  DANNY      254    
QSO:  7031 CW 2024-03-21 1942 IN3FHE        599  HELGA NTC 88     M0MPM         599  MICHEAL    227    
QSO:  7031 CW 2024-03-21 1943 IN3FHE        599  HELGA NTC 88     PE2V          599  VINCENT    252    
QSO:  7031 CW 2024-03-21 1944 IN3FHE        599  HELGA NTC 88     PA0RBA        599  RIENUS     96     
QSO:  7031 CW 2024-03-21 1946 IN3FHE        559  HELGA NTC 88     F8DTU         559  FRANK      49     
QSO:  3551 CW 2024-03-21 1950 IN3FHE        599  HELGA NTC 88     DL5XL         599  FELIX      80     
QSO:  3551 CW 2024-03-21 1952 IN3FHE        599  HELGA NTC 88     S51Z          599  ZOKI       226    
QSO:  3551 CW 2024-03-21 1953 IN3FHE        599  HELGA NTC 88     IK1YRA        599  CARL       135    
QSO:  3551 CW 2024-03-21 1954 IN3FHE        599  HELGA NTC 88     GW4OKT        599  KEITH      106    
QSO:  3551 CW 2024-03-21 1955 IN3FHE        599  HELGA NTC 88     I5ECW         599  VANNI      164    
QSO:  3551 CW 2024-03-21 1956 IN3FHE        599  HELGA NTC 88     OE8TIR        599  STEFAN     105    
QSO:  3551 CW 2024-03-21 1957 IN3FHE        599  HELGA NTC 88     PA3GPX        599  RENE       NM     
QSO:  3553 CW 2024-03-21 1959 IN3FHE        599  HELGA NTC 88     ON7DQ         559  LUC        98     
END-OF-LOG:
