START-OF-LOG: 3.0
LOCATION: DX
CALLSIGN: PA0XAW
CLUB: NTC-119
CONTEST: NTCQP
CATEGORY-OPERATOR: SINGLE-OP
CATEGORY-ASSISTED: ASSISTED
CATEGORY-BAND: ALL
CATEGORY-MODE: CW ELECTRONIC KEY
CATEGORY-POWER: HIGH
CATEGORY-STATION: FIXED
CATEGORY-TRANSMITTER: ONE
CLAIMED-SCORE: 14
OPERATORS: PA0XAW
NAME: Age de Jong
ADDRESS: Weth. Berbeelaan 54
ADDRESS-CITY: Anna Paulowna
ADDRESS-STATE-PROVINCE: 
ADDRESS-POSTALCODE: 1761 GR
ADDRESS-COUNTRY: NETHERLANDS
GRID-LOCATOR: JO22JU
EMAIL: pa0xaw@quicknet.nl
CREATED-BY: N1MM Logger+ 1.0.10051.0
Soap box:

QSO: 14050	CW 2024-03-21	19.03	PA0XAW 599-119	I5ECW  	 599-164
QSO: 14050	CW 2024-03-21	19.07	PA0XAW 599-119  OE8TIR	 599-105
QSO: 7030	CW 2024-03-21   19.12	PA0XAW 599-119	PA7F 	 599-181	
QSO: 7030	CW 2024-03-21	19.17	PA0XAW 559-119	PA0CMU	 599-76
QSO: 7030	CW 2024-03-21	19.25	PA0XAW 599-119	GW4OKT   599-106
QSO: 7030	CW 2024-03-21	19.26	PA0XAW 599-119	DJ0SP	 339-124
QSO: 3550	CW 2024-03-21	19.41	PA0XAW 559-119  ON7DQ	 559-98
QSO: 3550	CW 2024-03-21	19.50	PA0XAW 599-119	OK5MM	 599-NM
QSO: 7030	CW 2024-03-21	19.59	PA0XAW 599-119	M0MPM	 599-227	