START-OF-LOG: 3.0
LOCATION: DX
CALLSIGN: DG5CW
CLUB: DARC
CONTEST: NTC-QP
CATEGORY-OPERATOR: SINGLE-OP
CATEGORY-ASSISTED: NON-ASSISTED
CATEGORY-BAND: ALL
CATEGORY-MODE: CW
CATEGORY-POWER: LOW
CATEGORY-STATION: FIXED
CATEGORY-TRANSMITTER: ONE
CLAIMED-SCORE: 30
OPERATORS: DG5CW
SOAPBOX: Rig: FT-2000@100W; Ant: Dipole; Key: Vibroplex Original Deluxe 
SOAPBOX: #70534
NAME: Thomas Paetzold
ADDRESS: Joseph-Roth-Str. 94
ADDRESS-CITY: Bonn
ADDRESS-STATE-PROVINCE: NRW
ADDRESS-POSTALCODE: 53175
ADDRESS-COUNTRY: Germany
GRID-LOCATOR: JO30NQ67
EMAIL: dg5cw@darc.de
CREATED-BY: N1MM Logger+ 1.0.10224.0
QSO:  7035 CW 2024-03-21 1905 DG5CW         579  TOM 247          PA3EEG        599  RUUD       5        
QSO:  7035 CW 2024-03-21 1908 DG5CW         599  TOM 247          PA0CMU        599  CAREL      76       
QSO:  7033 CW 2024-03-21 1913 DG5CW         599  TOM 247          DJ0SP         599  HANNES     124      
QSO:  7033 CW 2024-03-21 1915 DG5CW         599  TOM 247          ON6NL         599  ANTON      154      
QSO:  7030 CW 2024-03-21 1919 DG5CW         599  TOM 247          OK1LO         599  LAD        215      
QSO:  7037 CW 2024-03-21 1922 DG5CW         579  TOM 247          GW4OKT        599  KEITH      106      
QSO:  7032 CW 2024-03-21 1926 DG5CW         599  TOM 247          PA7F          599  FRANK      181      
QSO:  3556 CW 2024-03-21 1933 DG5CW         599  TOM 247          PA7F          599  FRANK      181      
QSO:  3552 CW 2024-03-21 1936 DG5CW         599  TOM 247          ON7DQ         599  LUC        98       
QSO:  3551 CW 2024-03-21 1939 DG5CW         599  TOM 247          DL5XL         599  FELIX      80       
QSO:  7039 CW 2024-03-21 1942 DG5CW         599  TOM 247          S51Z          599  ZORAN      226      
QSO:  7033 CW 2024-03-21 1947 DG5CW         599  TOM 247          IK1YRA        599  CARL       135      
QSO:  3552 CW 2024-03-21 1952 DG5CW         599  TOM 247          PA0SIM        599  JAN        59       
QSO:  3557 CW 2024-03-21 1953 DG5CW         599  TOM 247          OE8TIR        599  STEFAN     105      
QSO:  3555 CW 2024-03-21 1957 DG5CW         599  TOM 247          PA0CMU        599  CAREL      76       
END-OF-LOG:
