START-OF-LOG: 3.0
LOCATION: DX
CALLSIGN: LB2WD
CLUB: LA4A
CONTEST: NTC-QP
CATEGORY-OPERATOR: SINGLE-OP
CATEGORY-ASSISTED: ASSISTED
CATEGORY-BAND: ALL
CATEGORY-MODE: CW
CATEGORY-POWER: LOW
CATEGORY-STATION: FIXED
CATEGORY-TRANSMITTER: ONE
CLAIMED-SCORE: 30
OPERATORS: LB2WD
NAME: Leif Helge Alvestad
ADDRESS: Skarkoll 9
ADDRESS: Langedal
ADDRESS-CITY: Froland
ADDRESS-STATE-PROVINCE: 
ADDRESS-POSTALCODE: 4820
ADDRESS-COUNTRY: Norway
GRID-LOCATOR: JO48HM
EMAIL: helgalvest@gmail.com
CREATED-BY: N1MM Logger+ 1.0.10224.0
QSO:  7000 CW 2024-03-21 1907 LB2WD         599  HELGE/ NM        OK1LO         599  LAD        215      
QSO:  7000 CW 2024-03-21 1908 LB2WD         599  HELGE/ NM        ON6NL         599  ANTON      154      
QSO:  7000 CW 2024-03-21 1911 LB2WD         599  HELGE/ NM        DJ0SP         599  HANS       124      
QSO:  7000 CW 2024-03-21 1913 LB2WD         599  HELGE/ NM        OK2NO         599  JARDA      NN       
QSO:  7000 CW 2024-03-21 1916 LB2WD         599  HELGE/ NM        PC4Y          599  BERT       085      
QSO:  7000 CW 2024-03-21 1925 LB2WD         599  HELGE/ NM        PA3GPX        599  KEITH      106      
QSO:  7000 CW 2024-03-21 1928 LB2WD         599  HELGE/ NM        PA7F          599  FRANK      181      
QSO:  7000 CW 2024-03-21 1932 LB2WD         599  HELGE/ NM        PA0CMU        599  CAREL      76       
QSO:  7000 CW 2024-03-21 1935 LB2WD         599  HELGE/ NM        OK5MM         599  VIT        NM       
QSO:  3500 CW 2024-03-21 1940 LB2WD         599  HELGE/ NM        DL5XL         599  FELIX      80       
QSO:  3500 CW 2024-03-21 1941 LB2WD         599  HELGE/ NM        OK5MM         599  VIT        NM       
QSO:  3500 CW 2024-03-21 1945 LB2WD         599  HELGE/ NM        PA3EEG        599  RUUD       005      
QSO:  3500 CW 2024-03-21 1947 LB2WD         599  HELGE/ NM        PA7F          599  FRANK      181      
QSO:  3500 CW 2024-03-21 1951 LB2WD         599  HELGE/ NM        PA0CMU        599  CAREL      76       
QSO:  3500 CW 2024-03-21 1954 LB2WD         599  HELGE/ NM        ON6NL         599  ANTON      154      
QSO:  3500 CW 2024-03-21 1959 LB2WD         599  HELGE/ NM        I5ECW         599  VANNI      175      
END-OF-LOG:
