START-OF-LOG: 3.0
LOCATION: DX
CALLSIGN: PA0M
CLUB: 
CONTEST: NTC-QP
CATEGORY-OPERATOR: SINGLE-OP
CATEGORY-ASSISTED: ASSISTED
CATEGORY-BAND: ALL
CATEGORY-MODE: CW
CATEGORY-POWER: LOW
CATEGORY-STATION: FIXED
CATEGORY-TRANSMITTER: ONE
CLAIMED-SCORE: 30
SOAPBOX: OVERLAY: Computer Key
OPERATORS: PA0M
NAME: Thieu Mandos
ADDRESS: Wezel 21
ADDRESS-CITY: Veldhoven
ADDRESS-STATE-PROVINCE: 
ADDRESS-POSTALCODE: NL 5508MC
ADDRESS-COUNTRY: Netherlands
GRID-LOCATOR: JO21QK
EMAIL: thieu.mandos@gmail.com
CREATED-BY: N1MM Logger+ 1.0.10224.0
QSO:  3551 CW 2024-03-21 1931 PA0M          599  THIEU 110        ON6NL         599  ANTON      154    
QSO:  3557 CW 2024-03-21 1934 PA0M          599  THIEU 110        PA7F          599  FRANK      181    
QSO:  3553 CW 2024-03-21 1937 PA0M          599  THIEU 110        ON7DQ         599  LUC        98     
QSO:  7031 CW 2024-03-21 1939 PA0M          599  THIEU 110        IN3FHE        599  HELGA      88     
QSO:  7033 CW 2024-03-21 1940 PA0M          599  THIEU 110        DJ0SP         599  HANNES     124    
QSO:  7037 CW 2024-03-21 1941 PA0M          599  THIEU 110        GW4OKT        599  KEITH      106    
QSO:  7037 CW 2024-03-21 1943 PA0M          599  THIEU 110        OE8TIR        599  STEFAN     105    
QSO:  7039 CW 2024-03-21 1944 PA0M          599  THIEU 110        S51Z          599  ZORAN      226    
QSO:  7035 CW 2024-03-21 1946 PA0M          599  THIEU 110        PA0CMU        599  CAREL      76     
QSO:  7032 CW 2024-03-21 1947 PA0M          599  THIEU 110        I5ECW         599  VANNI      164    
QSO:  7034 CW 2024-03-21 1949 PA0M          599  THIEU 110        IK1YRA        599  CARL       135    
QSO:  7037 CW 2024-03-21 1952 PA0M          599  THIEU 110        M0MPM         599  MICHEAL    227    
QSO:  3551 CW 2024-03-21 1953 PA0M          599  THIEU 110        DL5XL         599  FELIX      80     
QSO:  3556 CW 2024-03-21 1959 PA0M          599  THIEU 110        PA0CMU        599  CAREL      76     
QSO:  3556 CW 2024-03-21 2000 PA0M          599  THIEU 110        I5ECW         599  VANNI      164    
END-OF-LOG:
