START-OF-LOG: 3.0
CONTEST: NTCQP
CALLSIGN: M0MPM
OPERATORS: M0MPM
CATEGORY-ASSISTED: NON-ASSISTED
CATEGORY-BAND: 40m
CATEGORY-MODE: CW
CATEGORY-OPERATOR: SINGLE-OP
CATEGORY-POWER: LOW
CATEGORY-STATION: FIXED
CATEGORY-TIME: 
CATEGORY-TRANSMITTER: ONE
CATEGORY-OVERLAY: 
CLAIMED-SCORE: 39
EMAIL: mljmeerman@gmail.com
LOCATION: 
NAME: Michael Meerman
ADDRESS: -
ADDRESS: -
ADDRESS-CITY: -
ADDRESS-POSTALCODE: -
ADDRESS-COUNTRY: -
OFFTIME: 
SOAPBOX: Bedankt voor een actieve contest!
CREATED-BY: PA3BHFlog v1
QSO:  7033 CW 2024-03-21 1901 M0MPM         599 MICHAEL 227 DJ0SP         599 HANS 124    
QSO:  7033 CW 2024-03-21 1905 M0MPM         599 MICHAEL 227 PC4Y          599 BERT 185    
QSO:  7034 CW 2024-03-21 1909 M0MPM         599 MICHAEL 227 PA0CMU        599 CAREL 76    
QSO:  7036 CW 2024-03-21 1913 M0MPM         599 MICHAEL 227 OK1WSL        599 JOSEF NM    
QSO:  7036 CW 2024-03-21 1914 M0MPM         599 MICHAEL 227 F8DTU         599 FRANK 149   
QSO:  7036 CW 2024-03-21 1916 M0MPM         599 MICHAEL 227 ON9TT         599 MARC 196    
QSO:  7036 CW 2024-03-21 1918 M0MPM         599 MICHAEL 227 SP7OGP        599 PIOTR 111   
QSO:  7036 CW 2024-03-21 1920 M0MPM         599 MICHAEL 227 PA3GPX        599 RENE NM     
QSO:  7036 CW 2024-03-21 1922 M0MPM         599 MICHAEL 227 PA3JD         599 JOOP 112    
QSO:  7037 CW 2024-03-21 1928 M0MPM         599 MICHAEL 227 GW4OKT        599 KEITH 106   
QSO:  7039 CW 2024-03-21 1931 M0MPM         599 MICHAEL 227 S51Z          599 ZOKI 226    
QSO:  7037 CW 2024-03-21 1936 M0MPM         599 MICHAEL 227 OE8TIR        599 STEFAN 105  
QSO:  7034 CW 2024-03-21 1937 M0MPM         599 MICHAEL 227 PA7F          599 FRANK 181   
QSO:  7033 CW 2024-03-21 1940 M0MPM         599 MICHAEL 227 IK1YRA        599 CARL 135    
QSO:  7031 CW 2024-03-21 1942 M0MPM         599 MICHAEL 227 IN3FHE        599 HELGA 88    
QSO:  7032 CW 2024-03-21 1945 M0MPM         599 MICHAEL 227 I5ECW         599 VANNI 164   
QSO:  7036 CW 2024-03-21 1949 M0MPM         599 MICHAEL 227 PA3HEB        599 MARCEL 159  
QSO:  7037 CW 2024-03-21 1952 M0MPM         599 MICHAEL 227 PA0M          599 THIEU 110   
QSO:  7037 CW 2024-03-21 1954 M0MPM         599 MICHAEL 227 PE4KH         599 KOOS 165    
QSO:  7037 CW 2024-03-21 1957 M0MPM         599 MICHAEL 227 F6DHD         599 CHRIS NM    
QSO:  7037 CW 2024-03-21 1959 M0MPM         599 MICHAEL 227 PA0XAW        599 AGE 119     
END-OF-LOG:
