START-OF-LOG: 3.0
LOCATION: DX
CALLSIGN: OK1LO
CLUB: OK QRP CLUB
CONTEST: NTC-QP
CATEGORY: MECHANICAL KEYERS
CATEGORY-OPERATOR: SINGLE-OP
CATEGORY-ASSISTED: NON-ASSISTED
CATEGORY-BAND: ALL
CATEGORY-MODE: CW
CATEGORY-POWER: QRP
CATEGORY-STATION: FIXED
CATEGORY-TRANSMITTER: ONE
CLAIMED-SCORE: 60
OPERATORS: OK1LO
SOAPBOX: K4D - 5W - Windom - straight key VIBROPLEX
NAME: Ladislav
ADDRESS: Hostivarska 34
ADDRESS-CITY: Praha
ADDRESS-STATE-PROVINCE: 
ADDRESS-POSTALCODE: 10200
ADDRESS-COUNTRY: Czech Republic
GRID-LOCATOR: JO70GB
EMAIL: ok1locz@gmail.com
CREATED-BY: N1MM Logger+ 1.0.10230.0
QSO:  7030 CW 2024-03-21 1902 OK1LO         599  LAD NTC# 215     SP7OGP        599  PIOTR      111      
QSO:  7030 CW 2024-03-21 1903 OK1LO         599  LAD NTC# 215     OK1WSL        599  JOSEF      NM       
QSO:  7030 CW 2024-03-21 1903 OK1LO         599  LAD NTC# 215     OK2NO         599  JARDA      NM       
QSO:  7030 CW 2024-03-21 1904 OK1LO         599  LAD NTC# 215     DJ9BM         599  VOLKER     84       
QSO:  7030 CW 2024-03-21 1905 OK1LO         599  LAD NTC# 215     PA3GPX        599  RENE       NM       
QSO:  7030 CW 2024-03-21 1906 OK1LO         599  LAD NTC# 215     LB2WD         599  HELGE      NM       
QSO:  7030 CW 2024-03-21 1907 OK1LO         599  LAD NTC# 215     F6JOE         599  JEAN       445      
QSO:  7030 CW 2024-03-21 1908 OK1LO         599  LAD NTC# 215     PA0SIM        599  JAN        059       
QSO:  7030 CW 2024-03-21 1910 OK1LO         599  LAD NTC# 215     ON9TT         599  MARC       196      
QSO:  7030 CW 2024-03-21 1911 OK1LO         599  LAD NTC# 215     PA0RBA        599  RIENUS     096       
QSO:  7030 CW 2024-03-21 1911 OK1LO         599  LAD NTC# 215     PE2V          599  VINCENT    252      
QSO:  7030 CW 2024-03-21 1913 OK1LO         599  LAD NTC# 215     PI4NTC        599  JO         200      
QSO:  7030 CW 2024-03-21 1914 OK1LO         599  LAD NTC# 215     S51Z          599  ZOKI       226      
QSO:  7030 CW 2024-03-21 1914 OK1LO         599  LAD NTC# 215     OE8TIR        599  STEFAN     105      
QSO:  7030 CW 2024-03-21 1915 OK1LO         599  LAD NTC# 215     OK5MM         599  VIT        NM       
QSO:  7030 CW 2024-03-21 1916 OK1LO         599  LAD NTC# 215     GW4OKT        599  KEITH      106      
QSO:  7030 CW 2024-03-21 1918 OK1LO         599  LAD NTC# 215     DG5CW         599  TOM        247      
QSO:  7030 CW 2024-03-21 1919 OK1LO         599  LAD NTC# 215     ON7DQ         599  LUC        098       
QSO:  7030 CW 2024-03-21 1924 OK1LO         599  LAD NTC# 215     IN3FHE        599  HELGA      088       
QSO:  7030 CW 2024-03-21 1925 OK1LO         559  LAD NTC# 215     OK2BMA        559  PAVEL      062      
QSO:  7030 CW 2024-03-21 1928 OK1LO         599  LAD NTC# 215     PA7F          599  FRANK      181      
QSO:  7030 CW 2024-03-21 1931 OK1LO         599  LAD NTC# 215     DJ0SP         599  HANS       124      
QSO:  7030 CW 2024-03-21 1935 OK1LO         579  LAD NTC# 215     PA3EEG        579  RUUD       005        
QSO:  3558 CW 2024-03-21 1941 OK1LO         599  LAD NTC# 215     OK2BTK        599  PETR       NM       
QSO:  3558 CW 2024-03-21 1944 OK1LO         599  LAD NTC# 215     OK5MM         599  VIT        NM       
QSO:  3558 CW 2024-03-21 1945 OK1LO         599  LAD NTC# 215     OE8TIR        599  STEFAN     105      
QSO:  3558 CW 2024-03-21 1946 OK1LO         599  LAD NTC# 215     DL5XL         599  FELIX      080       
QSO:  3558 CW 2024-03-21 1948 OK1LO         599  LAD NTC# 215     PA0SIM        599  JAN        059       
QSO:  3558 CW 2024-03-21 1955 OK1LO         579  LAD NTC# 215     OK1DZ         579  ZDENEK     217      
QSO:  3558 CW 2024-03-21 1957 OK1LO         599  LAD NTC# 215     OK2NO         599  JARDA      NM       
QSO:  3558 CW 2024-03-21 1959 OK1LO         599  LAD NTC# 215     S51Z          599  ZOKI       226      
END-OF-LOG:
