START-OF-LOG: 3.0
CREATED-BY: Fast Log Entry 3.0
CONTEST: NTCQP
CALLSIGN: OK2BMA
CATEGORY-OPERATOR: SINGLE-OP
CATEGORY-TRANSMITTER: ONE
CATEGORY-ASSISTED: NON-ASSISTED
CATEGORY-BAND: ALL
CATEGORY-POWER: LOW
CATEGORY-MODE: CW
CATEGORY-STATION: FIXED
CLAIMED-SCORE: 29
NAME: Pavel OK2BMA 
ADDRESS: Slunecna 4558
ADDRESS: 76005 Zlin
ADDRESS: Czech Republic
QSO:  7000 CW 2024-03-21 1909 OK2BMA          599 062 PAVEL   PA7F          599 181 FRANK
QSO:  7000 CW 2024-03-21 1914 OK2BMA          599 062 PAVEL   OK2NO         599 NM JARDA
QSO:  7000 CW 2024-03-21 1919 OK2BMA          599 062 PAVEL   I5ECW         599 164 VANNI
QSO:  7000 CW 2024-03-21 1920 OK2BMA          599 062 PAVEL   F6JOE         599 044 JEAN
QSO:  7000 CW 2024-03-21 1922 OK2BMA          599 062 PAVEL   SP7OGP        599 111 PIOTR
QSO:  7000 CW 2024-03-21 1924 OK2BMA          599 062 PAVEL   DJ9BM         599 084 VOLKER
QSO:  7000 CW 2024-03-21 1926 OK2BMA          559 062 PAVEL   OK1LO         559 215 LAD
QSO:  7000 CW 2024-03-21 1927 OK2BMA          569 062 PAVEL   OK2BTK        589 NM PETR 
QSO:  7000 CW 2024-03-21 1930 OK2BMA          599 62  PAVEL   PA0CMU        599 076 CAREL
QSO:  7000 CW 2024-03-21 1932 OK2BMA          599 062 PAVEL   PI4NTC        599 200 JO 
QSO:  7000 CW 2024-03-21 1934 OK2BMA          599 062 PAVEL   OE8TIR        599 105 STEFAN
QSO:  7000 CW 2024-03-21 1935 OK2BMA          599 062 PAVEL   S51Z          599 226 ZOKI
QSO:  7000 CW 2024-03-21 1937 OK2BMA          559 062 PAVEL   OK2BND        579 NM JAN  
QSO:  7000 CW 2024-03-21 1938 OK2BMA          599 062 PAVEL   PA0RBA        599 096 RIENUS
QSO:  7000 CW 2024-03-21 1940 OK2BMA          579 062 PAVEL   I7CCF         599 NM FELIX
QSO:  7000 CW 2024-03-21 1958 OK2BMA          599 062 PAVEL   DJ0SP         599 124 HANS
END-OF-LOG:
