START-OF-LOG: 3.0
LOCATION: DX
CALLSIGN: OK5MM
CLUB:  
CONTEST: NTC-QP
CATEGORY-OPERATOR: SINGLE-OP
CATEGORY-ASSISTED: ASSISTED
CATEGORY-BAND: ALL
CATEGORY-MODE: CW
CATEGORY-POWER: HIGH
CATEGORY-STATION: FIXED
CATEGORY-TRANSMITTER: ONE
CLAIMED-SCORE: 60
OPERATORS: OK5MM
NAME: Vit Kotrba
ADDRESS: Hrusky 225
ADDRESS-CITY: Krenovice u Brna
ADDRESS-STATE-PROVINCE: GVY
ADDRESS-POSTALCODE: 68352
ADDRESS-COUNTRY: CZECH REPUBLIC
GRID-LOCATOR: JN89KD
EMAIL: ok5mm@post.cz
CREATED-BY: N1MM Logger+ 1.0.10224.0
QSO:  3531 CW 2024-03-21 1909 OK5MM         599  NM               SM6LZQ        599  THOR       NM       
QSO:  3552 CW 2024-03-21 1913 OK5MM         599  NM               SP7OGP        599  PIOTR      111      
QSO:  7030 CW 2024-03-21 1915 OK5MM         599  NM               OK1LO         599  LAD        214      
QSO:  7031 CW 2024-03-21 1916 OK5MM         599  NM               IN3FHE        599  HAEM       88       
QSO:  7032 CW 2024-03-21 1917 OK5MM         599  NM               PA7F          599  FRANK      181      
QSO:  7033 CW 2024-03-21 1918 OK5MM         599  NM               ON6NL         599  ANTON      154      
QSO:  7033 CW 2024-03-21 1920 OK5MM         599  NM               DJ0SP         599  HANS       124      
QSO:  7034 CW 2024-03-21 1921 OK5MM         599  NM               OK2NO         599  JARDA      NM       
QSO:  7034 CW 2024-03-21 1922 OK5MM         599  NM               OE8TIR        599  STEFAN     105      
QSO:  7035 CW 2024-03-21 1923 OK5MM         599  NM               PA0CMU        599  CAREL      76       
QSO:  7036 CW 2024-03-21 1926 OK5MM         599  NM               DL5XL         599  FELIX      70       
QSO:  7037 CW 2024-03-21 1927 OK5MM         599  NM               F6JOE         599  JEAN       44       
QSO:  7037 CW 2024-03-21 1928 OK5MM         599  NM               I5ECW         599  VANNI      164      
QSO:  7038 CW 2024-03-21 1930 OK5MM         599  NM               M0SDB         579  DANNY      254      
QSO:  7039 CW 2024-03-21 1933 OK5MM         599  NM               OK2BTK        599  PETR       NM       
QSO:  7039 CW 2024-03-21 1934 OK5MM         599  NM               PA3JD         599  JOOP       112      
QSO:  7039 CW 2024-03-21 1935 OK5MM         599  NM               LB2WD         599  HELGE      NM       
QSO:  7039 CW 2024-03-21 1936 OK5MM         599  NM               SP7OGP        599  PIOTR      111      
QSO:  3553 CW 2024-03-21 1941 OK5MM         599  NM               LB2WD         599  HELGE      NM       
QSO:  3553 CW 2024-03-21 1942 OK5MM         599  NM               DL5XL         599  FELIX      80       
QSO:  3553 CW 2024-03-21 1943 OK5MM         599  NM               PA3GPX        599  RENE       NM       
QSO:  3553 CW 2024-03-21 1944 OK5MM         599  NM               OK1DZ         599  ZDENEK     216      
QSO:  3553 CW 2024-03-21 1945 OK5MM         599  NM               OK1LO         599  LAD        215      
QSO:  3553 CW 2024-03-21 1946 OK5MM         599  NM               ON6NL         599  ANTON      154      
QSO:  3553 CW 2024-03-21 1947 OK5MM         599  NM               M7TSM         599  ALAN       NM       
QSO:  3553 CW 2024-03-21 1949 OK5MM         599  NM               OE8TIR        599  STEFAN     105      
QSO:  3553 CW 2024-03-21 1950 OK5MM         599  NM               PA0XAW        599  AGE        119      
QSO:  3553 CW 2024-03-21 1951 OK5MM         599  NM               UA6AX         599  YURI       074      
QSO:  3553 CW 2024-03-21 1952 OK5MM         599  NM               M0SDB         569  DANNY      254      
QSO:  3553 CW 2024-03-21 1953 OK5MM         599  NM               S51Z          599  ZOKI       226      
QSO:  3553 CW 2024-03-21 1954 OK5MM         599  NM               I5ECW         599  VANNI      164      
QSO:  3553 CW 2024-03-21 1955 OK5MM         599  NM               OK1WSL        599  JOSEF      NM       
QSO:  3553 CW 2024-03-21 1956 OK5MM         599  NM               OM6MS         599  MIKI       NM       
QSO:  3553 CW 2024-03-21 1959 OK5MM         599  NM               DJ3TU         599  NORBERT    146      
QSO:  3553 CW 2024-03-21 2000 OK5MM         599  NM               OK2NO         599  JARDA      NM       
END-OF-LOG:
