START-OF-LOG: 3.0
LOCATION: DX
CALLSIGN: PA0CMU
CLUB: None
CONTEST: NTC-QP
CATEGORY-OPERATOR: SINGLE-OP
CATEGORY-ASSISTED: NON-ASSISTED
CATEGORY-BAND: ALL
CATEGORY-MODE: CW
CATEGORY-POWER: LOW
CATEGORY-STATION: FIXED
CATEGORY-TRANSMITTER: ONE
CLAIMED-SCORE: 81
OPERATORS: PA0CMU
SOAPBOX: Thanks all, better conditions tonight than during my PAFF 
SOAPBOX: activation this aternoon! Happy with 46 qso's in my log of which 
SOAPBOX: 12 NM. See you all next party!
NAME: Carel Mulder
ADDRESS: Cimburgalaan 86
ADDRESS-CITY: Breda
ADDRESS-STATE-PROVINCE: 
ADDRESS-POSTALCODE: 4819 BD
ADDRESS-COUNTRY: NETHERLANDS
GRID-LOCATOR: JO21JN
EMAIL: pa0cmu@gmail.com
CREATED-BY: N1MM Logger+ 1.0.10224.0
QSO:  7035 CW 2024-03-21 1903 PA0CMU        599  CAREL NTC 76     F6JOE         599  JEAN       44       
QSO:  7035 CW 2024-03-21 1905 PA0CMU        599  CAREL NTC 76     ON9TT         599  MARC       196      
QSO:  7035 CW 2024-03-21 1906 PA0CMU        599  CAREL NTC 76     SP7OGP        599  PIOTR      111      
QSO:  7035 CW 2024-03-21 1908 PA0CMU        599  CAREL NTC 76     DG5CW         599  TOM        247      
QSO:  7035 CW 2024-03-21 1909 PA0CMU        599  CAREL NTC 76     M0MPM         599  MICHEAL    227      
QSO:  7035 CW 2024-03-21 1910 PA0CMU        599  CAREL NTC 76     ON7DQ         599  LUC        98       
QSO:  7035 CW 2024-03-21 1912 PA0CMU        599  CAREL NTC 76     OK1DZ         599  ZDENEK     217      
QSO:  7035 CW 2024-03-21 1913 PA0CMU        599  CAREL NTC 76     PA3JD         599  JOOP       112      
QSO:  7035 CW 2024-03-21 1915 PA0CMU        599  CAREL NTC 76     G0TRT         599  CIE        NM       
QSO:  7035 CW 2024-03-21 1916 PA0CMU        599  CAREL NTC 76     PA3GPX        599  RENE       NM       
QSO:  7035 CW 2024-03-21 1917 PA0CMU        599  CAREL NTC 76     PA0XAW        599  AGE        119      
QSO:  7035 CW 2024-03-21 1918 PA0CMU        599  CAREL NTC 76     DJ3TU         599  NORBERT    146      
QSO:  7035 CW 2024-03-21 1920 PA0CMU        599  CAREL NTC 76     GW4OKT        599  KEITH      106      
QSO:  7035 CW 2024-03-21 1920 PA0CMU        599  CAREL NTC 76     PI4NTC        599  JO         200      
QSO:  7035 CW 2024-03-21 1921 PA0CMU        599  CAREL NTC 76     S51Z          599  ZORAN      226      
QSO:  7035 CW 2024-03-21 1922 PA0CMU        599  CAREL NTC 76     DJ9BM         599  VOLKER     84       
QSO:  7035 CW 2024-03-21 1923 PA0CMU        599  CAREL NTC 76     OK5MM         599  VIT        NM       
QSO:  7035 CW 2024-03-21 1924 PA0CMU        599  CAREL NTC 76     PA0RBA        599  RIENUS     96       
QSO:  7035 CW 2024-03-21 1926 PA0CMU        599  CAREL NTC 76     PA3HEB        599  MARCEL     159      
QSO:  7035 CW 2024-03-21 1928 PA0CMU        599  CAREL NTC 76     DL5XL         599  FELIX      80       
QSO:  7035 CW 2024-03-21 1929 PA0CMU        599  CAREL NTC 76     OK2NO         599  JAROSLAV   NM       
QSO:  7035 CW 2024-03-21 1929 PA0CMU        599  CAREL NTC 76     OE8TIR        599  STEFAN     105      
QSO:  7035 CW 2024-03-21 1930 PA0CMU        599  CAREL NTC 76     OK2BMA        599  PAVEL      62       
QSO:  7035 CW 2024-03-21 1931 PA0CMU        599  CAREL NTC 76     LB2WD         599  HELGE      NM       
QSO:  7035 CW 2024-03-21 1933 PA0CMU        599  CAREL NTC 76     F8DTU         599  FRANK      49       
QSO:  7035 CW 2024-03-21 1935 PA0CMU        599  CAREL NTC 76     OK2BND        599  JAN        NM       
QSO:  7035 CW 2024-03-21 1936 PA0CMU        599  CAREL NTC 76     M7TSM         599  ALAN       NM       
QSO:  7035 CW 2024-03-21 1937 PA0CMU        599  CAREL NTC 76     I5ECW         599  VANNI      164      
QSO:  7035 CW 2024-03-21 1938 PA0CMU        599  CAREL NTC 76     PE4KH         599  KOOS       165      
QSO:  7035 CW 2024-03-21 1939 PA0CMU        599  CAREL NTC 76     ON6NL         599  ANTON      154      
QSO:  7035 CW 2024-03-21 1940 PA0CMU        599  CAREL NTC 76     PE2V          599  VINCENT    252      
QSO:  7035 CW 2024-03-21 1941 PA0CMU        599  CAREL NTC 76     OM6MS         599  MIKI       NM       
QSO:  7035 CW 2024-03-21 1943 PA0CMU        599  CAREL NTC 76     OK1WSL        599  JOSEF      NM       
QSO:  7035 CW 2024-03-21 1946 PA0CMU        599  CAREL NTC 76     M0SDB         599  DANNY      254      
QSO:  7035 CW 2024-03-21 1946 PA0CMU        599  CAREL NTC 76     PA0M          599  THIEU      110      
QSO:  3556 CW 2024-03-21 1950 PA0CMU        599  CAREL NTC 76     ON6NL         599  ANTON      154      
QSO:  3556 CW 2024-03-21 1951 PA0CMU        599  CAREL NTC 76     LB2WD         599  HELGE      NM       
QSO:  3556 CW 2024-03-21 1952 PA0CMU        599  CAREL NTC 76     SP7OGP        599  PIOTR      111      
QSO:  3556 CW 2024-03-21 1953 PA0CMU        599  CAREL NTC 76     OK2BTK        599  PETR       NM       
QSO:  3556 CW 2024-03-21 1954 PA0CMU        599  CAREL NTC 76     DJ6QQ         599  UWE        233      
QSO:  3556 CW 2024-03-21 1956 PA0CMU        599  CAREL NTC 76     IK1YRA        599  CARL       135      
QSO:  3556 CW 2024-03-21 1956 PA0CMU        599  CAREL NTC 76     OK2NO         599  JARDA      NM       
QSO:  3556 CW 2024-03-21 1957 PA0CMU        599  CAREL NTC 76     DG5CW         599  TOM        247      
QSO:  3556 CW 2024-03-21 1958 PA0CMU        599  CAREL NTC 76     PA0RBA        599  RIENUS     96       
QSO:  3556 CW 2024-03-21 1959 PA0CMU        599  CAREL NTC 76     PA0M          599  THIEU      110      
QSO:  3556 CW 2024-03-21 2000 PA0CMU        599  CAREL NTC 76     S51Z          599  ZORAN      226      
END-OF-LOG:
