START-OF-LOG: 3.0
CREATED-BY: DXLog.net v2.6.1
CONTEST: NTC-QP
CALLSIGN: SP7OGP
CATEGORY-OPERATOR: SINGLE-OP
CATEGORY-TRANSMITTER: Electronic keying
GRID-LOCATOR: KO01AM
CATEGORY-BAND: ALL
CATEGORY-MODE: CW
CLAIMED-SCORE: 55
NAME: Piotr
ADDRESS: 
CERTIFICATE: YES
EMAIL: sp7ogp@gmail.com
OPERATORS: SP7OGP
SOAPBOX: 
QSO:  7032 CW 2024-03-21 1901 SP7OGP        599 PIOTR      111    DL5XL         599 FELIX      80    
QSO:  7030 CW 2024-03-21 1902 SP7OGP        599 PIOTR      111    OK1LO         599 LAD        215   
QSO:  7033 CW 2024-03-21 1903 SP7OGP        599 PIOTR      111    DJ0SP         599 HANNES     124   
QSO:  7032 CW 2024-03-21 1905 SP7OGP        599 PIOTR      111    ON6NL         599 ANTON      154   
QSO:  7034 CW 2024-03-21 1906 SP7OGP        599 PIOTR      111    PA0CMU        599 CAREL      76    
QSO:  7035 CW 2024-03-21 1908 SP7OGP        599 PIOTR      111    OK2NO         599 JARO       NM    
QSO:  3553 CW 2024-03-21 1911 SP7OGP        559 PIOTR      111    G7D           559 GRAHAM     NM    
QSO:  3551 CW 2024-03-21 1913 SP7OGP        599 PIOTR      111    OK5MM         599 VIT        NM    
QSO:  7035 CW 2024-03-21 1916 SP7OGP        599 PIOTR      111    PA3EEG        599 RUUD       5     
QSO:  7036 CW 2024-03-21 1918 SP7OGP        599 PIOTR      111    M0MPM         599 MICHEAL    227   
QSO:  7034 CW 2024-03-21 1919 SP7OGP        599 PIOTR      111    OE8TIR        599 STEFAN     105   
QSO:  7031 CW 2024-03-21 1920 SP7OGP        599 PIOTR      111    IN3FHE        599 HELGA      88    
QSO:  7032 CW 2024-03-21 1922 SP7OGP        599 PIOTR      111    OK2BMA        599 PAVEL      62    
QSO:  7032 CW 2024-03-21 1923 SP7OGP        599 PIOTR      111    PA7F          599 FRANK      181   
QSO:  7036 CW 2024-03-21 1925 SP7OGP        599 PIOTR      111    F6JOE         599 JEAN       44    
QSO:  7037 CW 2024-03-21 1926 SP7OGP        599 PIOTR      111    I5ECW         599 VANNI      164   
QSO:  7039 CW 2024-03-21 1931 SP7OGP        599 PIOTR      111    S51Z          599 ZOKI       226   
QSO:  7035 CW 2024-03-21 1933 SP7OGP        599 PIOTR      111    PI4NTC        599 JO         200   
QSO:  7033 CW 2024-03-21 1934 SP7OGP        599 PIOTR      111    IK1YRA        599 CARL       135   
QSO:  7038 CW 2024-03-21 1936 SP7OGP        599 PIOTR      111    OK5MM         599 VIT        NM    
QSO:  3551 CW 2024-03-21 1939 SP7OGP        599 PIOTR      111    DL5XL         599 FELIX      80    
QSO:  3552 CW 2024-03-21 1942 SP7OGP        599 PIOTR      111    PA0SIM        599 JAN        59    
QSO:  3552 CW 2024-03-21 1944 SP7OGP        599 PIOTR      111    ON7DQ         599 LUC        98    
QSO:  3552 CW 2024-03-21 1945 SP7OGP        599 PIOTR      111    PA7F          599 FRANK      181   
QSO:  3555 CW 2024-03-21 1947 SP7OGP        599 PIOTR      111    PA3EEG        599 RUUD       5     
QSO:  3555 CW 2024-03-21 1949 SP7OGP        599 PIOTR      111    F6JOE         599 JEAN       44    
QSO:  3555 CW 2024-03-21 1952 SP7OGP        599 PIOTR      111    PA0CMU        599 CAREL      76    
QSO:  3557 CW 2024-03-21 1953 SP7OGP        599 PIOTR      111    OE8TIR        599 STEFAN     105   
QSO:  7036 CW 2024-03-21 1957 SP7OGP        599 PIOTR      111    PA3HEB        599 MARCEL     159   
END-OF-LOG:
