START-OF-LOG: 3.0
LOCATION: DX
CALLSIGN: OK1DZ
CLUB:OK QRP Club, NTC 217
CONTEST:The NTC QSO Party
CATEGORY-OPERATOR: SINGLE-OP
CATEGORY-ASSISTED: NON-ASSISTED
CATEGORY-BAND: 3.5 / 7 / 14 MHz
CATEGORY-MODE: CW
CATEGORY-POWER: QRP
CATEGORY-STATION: FIXED
CATEGORY-TIME: 1900 - 2000 UTC
CATEGORY-TRANSMITTER: ONE
CATEGORY-OVERLAY: CLASSIC
CLAIMED-SCORE:17
OPERATORS: OK1DZ
SOAPBOX: K3, 1W out
SOAPBOX: ANT LW 34m , Z Match
SOAPBOX: Home Made Straight Key 
SOAPBOX: My first call is OK1DZD and second call is OK1DZ
NAME: Zdenek Vojacek
ADDRESS: Hlavni 155
ADDRESS-CITY: Rataje nad Sazavou
ADDRESS-STATE-PROVINCE: CZ
ADDRESS-POSTALCODE: 28507
ADDRESS-COUNTRY: Czech Republic
CREATED-BY: N1MM Logger+ 1.0.5499.0
QSO:  7035 CW 2024-03-21 1902 OK1DZ        599 ZDENEK 217    DJ0SP      599 HANS   124          
QSO:  7035 CW 2024-03-21 1907 OK1DZ        579 ZDENEK 217    PC4Y       559 BERT   085           
QSO:  7035 CW 2024-03-21 1912 OK1DZ        599 ZDENEK 217    PA0CMU     599 CAREL  076     
QSO:  7035 CW 2024-03-21 1930 OK1DZ        599 ZDENEK 217    S51Z       599 ZOLI   226            
QSO:  3555 CW 2024-03-21 1940 OK1DZ        599 ZDENEK 217    PA0SIM     559 JAN    059       
QSO:  3555 CW 2024-03-21 1944 OK1DZ        599 ZDENEK 217    OK5MM      599 VIT    NM       
QSO:  3555 CW 2024-03-21 1954 OK1DZ        599 ZDENEK 217    PA3EEG     579 RUUD   005 
QSO:  3555 CW 2024-03-21 1956 OK1DZ        599 ZDENEK 217    OK1LO      599 LAD    215       
QSO:  3555 CW 2024-03-21 1959 OK1DZ        599 ZDENEK 217    OE8TIR     599 STEFAN 105 
END-OF-LOG: